{"numTotalTestSuites":16,"numPassedTestSuites":16,"numFailedTestSuites":0,"numPendingTestSuites":0,"numTotalTests":47,"numPassedTests":47,"numFailedTests":0,"numPendingTests":0,"numTodoTests":0,"snapshot":{"added":0,"failure":false,"filesAdded":0,"filesRemoved":0,"filesRemovedList":[],"filesUnmatched":0,"filesUpdated":0,"matched":0,"total":0,"unchecked":0,"uncheckedKeysByFile":[],"unmatched":0,"updated":0,"didUpdate":false},"startTime":1784844134161,"success":true,"testResults":[{"assertionResults":[{"ancestorTitles":["apiServer"],"fullName":"apiServer forwards cookies and parses a successful JSON response","status":"passed","title":"forwards cookies and parses a successful JSON response","duration":20.709521999999993,"failureMessages":[],"meta":{}},{"ancestorTitles":["apiServer"],"fullName":"apiServer normalizes paths and adds JSON content type for request bodies","status":"passed","title":"normalizes paths and adds JSON content type for request bodies","duration":2.441573000000062,"failureMessages":[],"meta":{}},{"ancestorTitles":["apiServer"],"fullName":"apiServer returns the backend error message on HTTP failures","status":"passed","title":"returns the backend error message on HTTP failures","duration":1.8438340000000153,"failureMessages":[],"meta":{}},{"ancestorTitles":["apiServer"],"fullName":"apiServer handles non-JSON responses and network failures","status":"passed","title":"handles non-JSON responses and network failures","duration":3.4814320000000407,"failureMessages":[],"meta":{}},{"ancestorTitles":["apiServer"],"fullName":"apiServer returns only authenticated session users","status":"passed","title":"returns only authenticated session users","duration":2.145787000000041,"failureMessages":[],"meta":{}}],"startTime":1784844134970,"endTime":1784844135001.1458,"status":"passed","message":"","name":"/home/luissagnay/Desktop/espe/7_semestre/aseguramiento/tercer_parcial/otro/Sureno/frontend/tests/api.test.ts"},{"assertionResults":[{"ancestorTitles":["cart"],"fullName":"cart returns an empty cart when storage is missing or malformed","status":"passed","title":"returns an empty cart when storage is missing or malformed","duration":4.5978999999999814,"failureMessages":[],"meta":{}},{"ancestorTitles":["cart"],"fullName":"cart saves a cart and notifies the UI","status":"passed","title":"saves a cart and notifies the UI","duration":3.8455739999999423,"failureMessages":[],"meta":{}},{"ancestorTitles":["cart"],"fullName":"cart adds a new product with the requested quantity","status":"passed","title":"adds a new product with the requested quantity","duration":0.9615650000000642,"failureMessages":[],"meta":{}},{"ancestorTitles":["cart"],"fullName":"cart increments the quantity of an existing product","status":"passed","title":"increments the quantity of an existing product","duration":0.7639590000001135,"failureMessages":[],"meta":{}},{"ancestorTitles":["cart"],"fullName":"cart calculates totals and clears persisted items","status":"passed","title":"calculates totals and clears persisted items","duration":1.0048150000000078,"failureMessages":[],"meta":{}}],"startTime":1784844135568,"endTime":1784844135580.005,"status":"passed","message":"","name":"/home/luissagnay/Desktop/espe/7_semestre/aseguramiento/tercer_parcial/otro/Sureno/frontend/tests/cart.test.ts"},{"assertionResults":[{"ancestorTitles":["apiFetch"],"fullName":"apiFetch sends safe methods without requesting a CSRF token","status":"passed","title":"sends safe methods without requesting a CSRF token","duration":23.680018999999902,"failureMessages":[],"meta":{}},{"ancestorTitles":["apiFetch"],"fullName":"apiFetch adds the cookie token to mutating requests","status":"passed","title":"adds the cookie token to mutating requests","duration":8.479782999999998,"failureMessages":[],"meta":{}},{"ancestorTitles":["apiFetch"],"fullName":"apiFetch obtains a token before a mutating request when the cookie is absent","status":"passed","title":"obtains a token before a mutating request when the cookie is absent","duration":3.7013620000000174,"failureMessages":[],"meta":{}},{"ancestorTitles":["apiFetch"],"fullName":"apiFetch does not set a JSON content type for FormData","status":"passed","title":"does not set a JSON content type for FormData","duration":2.429247000000032,"failureMessages":[],"meta":{}},{"ancestorTitles":["apiFetch"],"fullName":"apiFetch preserves caller headers and credentials","status":"passed","title":"preserves caller headers and credentials","duration":1.381703000000016,"failureMessages":[],"meta":{}}],"startTime":1784844135698,"endTime":1784844135737.3816,"status":"passed","message":"","name":"/home/luissagnay/Desktop/espe/7_semestre/aseguramiento/tercer_parcial/otro/Sureno/frontend/tests/csrf.test.ts"},{"assertionResults":[{"ancestorTitles":["bindDeleteDialog"],"fullName":"bindDeleteDialog does nothing when the dialog is not present","status":"passed","title":"does nothing when the dialog is not present","duration":12.784619999999904,"failureMessages":[],"meta":{}},{"ancestorTitles":["bindDeleteDialog"],"fullName":"bindDeleteDialog opens the dialog with the product name of the clicked row","status":"passed","title":"opens the dialog with the product name of the clicked row","duration":32.59276899999986,"failureMessages":[],"meta":{}},{"ancestorTitles":["bindDeleteDialog"],"fullName":"bindDeleteDialog falls back to the generic name when the row has no data-del-name","status":"passed","title":"falls back to the generic name when the row has no data-del-name","duration":7.499863999999889,"failureMessages":[],"meta":{}},{"ancestorTitles":["bindDeleteDialog"],"fullName":"bindDeleteDialog closes the dialog on cancel without calling the API","status":"passed","title":"closes the dialog on cancel without calling the API","duration":6.001096999999845,"failureMessages":[],"meta":{}},{"ancestorTitles":["bindDeleteDialog"],"fullName":"bindDeleteDialog ignores the confirmation when no row was selected","status":"passed","title":"ignores the confirmation when no row was selected","duration":6.3477530000000115,"failureMessages":[],"meta":{}},{"ancestorTitles":["bindDeleteDialog"],"fullName":"bindDeleteDialog deletes the row and closes the dialog on a successful response","status":"passed","title":"deletes the row and closes the dialog on a successful response","duration":10.432137999999895,"failureMessages":[],"meta":{}},{"ancestorTitles":["bindDeleteDialog"],"fullName":"bindDeleteDialog alerts the API error and keeps the row when the deletion fails","status":"passed","title":"alerts the API error and keeps the row when the deletion fails","duration":5.907418000000007,"failureMessages":[],"meta":{}},{"ancestorTitles":["bindDeleteDialog"],"fullName":"bindDeleteDialog alerts the default message when the failed response has no JSON body","status":"passed","title":"alerts the default message when the failed response has no JSON body","duration":6.199479999999994,"failureMessages":[],"meta":{}}],"startTime":1784844135541,"endTime":1784844135629.1995,"status":"passed","message":"","name":"/home/luissagnay/Desktop/espe/7_semestre/aseguramiento/tercer_parcial/otro/Sureno/frontend/tests/delete-dialog.test.ts"},{"assertionResults":[{"ancestorTitles":["bindJsonForm"],"fullName":"bindJsonForm does nothing when the form is not present","status":"passed","title":"does nothing when the form is not present","duration":31.371929000000137,"failureMessages":[],"meta":{}},{"ancestorTitles":["bindJsonForm"],"fullName":"bindJsonForm serializes the form as JSON and redirects to the server-provided URL","status":"passed","title":"serializes the form as JSON and redirects to the server-provided URL","duration":19.119904000000133,"failureMessages":[],"meta":{}},{"ancestorTitles":["bindJsonForm"],"fullName":"bindJsonForm falls back to the default redirect when the response has no redirect","status":"passed","title":"falls back to the default redirect when the response has no redirect","duration":6.588567000000012,"failureMessages":[],"meta":{}},{"ancestorTitles":["bindJsonForm"],"fullName":"bindJsonForm shows the API error message and re-enables the button","status":"passed","title":"shows the API error message and re-enables the button","duration":8.093356999999969,"failureMessages":[],"meta":{}},{"ancestorTitles":["bindJsonForm"],"fullName":"bindJsonForm shows the default message when the failed response has no JSON body","status":"passed","title":"shows the default message when the failed response has no JSON body","duration":6.772886999999855,"failureMessages":[],"meta":{}},{"ancestorTitles":["bindJsonForm"],"fullName":"bindJsonForm reports a connection error when the request itself rejects","status":"passed","title":"reports a connection error when the request itself rejects","duration":6.479857999999922,"failureMessages":[],"meta":{}},{"ancestorTitles":["bindJsonForm"],"fullName":"bindJsonForm works when neither the error box nor the submit button exist","status":"passed","title":"works when neither the error box nor the submit button exist","duration":4.957798000000139,"failureMessages":[],"meta":{}}],"startTime":1784844135600,"endTime":1784844135683.9578,"status":"passed","message":"","name":"/home/luissagnay/Desktop/espe/7_semestre/aseguramiento/tercer_parcial/otro/Sureno/frontend/tests/json-form.test.ts"},{"assertionResults":[{"ancestorTitles":["Astro middleware"],"fullName":"Astro middleware proxies API requests to Flask preserving method, query and body","status":"passed","title":"proxies API requests to Flask preserving method, query and body","duration":18.164273999999978,"failureMessages":[],"meta":{}},{"ancestorTitles":["Astro middleware"],"fullName":"Astro middleware proxies Flask static assets without a request body","status":"passed","title":"proxies Flask static assets without a request body","duration":2.7766549999998915,"failureMessages":[],"meta":{}},{"ancestorTitles":["Astro middleware"],"fullName":"Astro middleware redirects anonymous users from protected customer routes","status":"passed","title":"redirects anonymous users from protected customer routes","duration":2.91547300000002,"failureMessages":[],"meta":{}},{"ancestorTitles":["Astro middleware"],"fullName":"Astro middleware allows authenticated users into protected customer routes","status":"passed","title":"allows authenticated users into protected customer routes","duration":1.3425430000002052,"failureMessages":[],"meta":{}},{"ancestorTitles":["Astro middleware"],"fullName":"Astro middleware redirects non-admin users away from admin routes","status":"passed","title":"redirects non-admin users away from admin routes","duration":1.0029470000001766,"failureMessages":[],"meta":{}},{"ancestorTitles":["Astro middleware"],"fullName":"Astro middleware allows administrators into admin routes","status":"passed","title":"allows administrators into admin routes","duration":0.8614549999999781,"failureMessages":[],"meta":{}},{"ancestorTitles":["Astro middleware"],"fullName":"Astro middleware passes public routes through without querying the session","status":"passed","title":"passes public routes through without querying the session","duration":0.9094609999999648,"failureMessages":[],"meta":{}}],"startTime":1784844136071,"endTime":1784844136099.9094,"status":"passed","message":"","name":"/home/luissagnay/Desktop/espe/7_semestre/aseguramiento/tercer_parcial/otro/Sureno/frontend/tests/middleware.test.ts"},{"assertionResults":[{"ancestorTitles":["Astro SSR pages"],"fullName":"Astro SSR pages renders the home page and its primary catalog action","status":"passed","title":"renders the home page and its primary catalog action","duration":36.474665000000186,"failureMessages":[],"meta":{}},{"ancestorTitles":["Astro SSR pages"],"fullName":"Astro SSR pages renders the login form with accessible fields","status":"passed","title":"renders the login form with accessible fields","duration":4.787497000000258,"failureMessages":[],"meta":{}},{"ancestorTitles":["Astro SSR pages"],"fullName":"Astro SSR pages renders products returned by the mocked backend","status":"passed","title":"renders products returned by the mocked backend","duration":6.634404999999788,"failureMessages":[],"meta":{}},{"ancestorTitles":["Astro SSR pages"],"fullName":"Astro SSR pages renders the catalog error state without a live backend","status":"passed","title":"renders the catalog error state without a live backend","duration":4.854518999999982,"failureMessages":[],"meta":{}},{"ancestorTitles":["Astro SSR pages"],"fullName":"Astro SSR pages renders admin totals and order states from mocked responses","status":"passed","title":"renders admin totals and order states from mocked responses","duration":5.954553999999916,"failureMessages":[],"meta":{}}],"startTime":1784844137288,"endTime":1784844137346.9546,"status":"passed","message":"","name":"/home/luissagnay/Desktop/espe/7_semestre/aseguramiento/tercer_parcial/otro/Sureno/frontend/tests/pages.test.ts"},{"assertionResults":[{"ancestorTitles":["bindAddToCartButtons"],"fullName":"bindAddToCartButtons adds the product read from the dataset to the cart","status":"passed","title":"adds the product read from the dataset to the cart","duration":51.029211999999916,"failureMessages":[],"meta":{}},{"ancestorTitles":["bindAddToCartButtons"],"fullName":"bindAddToCartButtons leaves mililitros undefined when the button does not declare it","status":"passed","title":"leaves mililitros undefined when the button does not declare it","duration":8.621726999999964,"failureMessages":[],"meta":{}},{"ancestorTitles":["bindAddToCartButtons"],"fullName":"bindAddToCartButtons shows the toast and hides it after the timeout","status":"passed","title":"shows the toast and hides it after the timeout","duration":8.239473999999973,"failureMessages":[],"meta":{}},{"ancestorTitles":["bindAddToCartButtons"],"fullName":"bindAddToCartButtons still adds to the cart when there is no toast element","status":"passed","title":"still adds to the cart when there is no toast element","duration":6.337895000000117,"failureMessages":[],"meta":{}},{"ancestorTitles":["bindAddToCartButtons"],"fullName":"bindAddToCartButtons accumulates the quantity when the same product is added twice","status":"passed","title":"accumulates the quantity when the same product is added twice","duration":5.5963409999999385,"failureMessages":[],"meta":{}}],"startTime":1784844135728,"endTime":1784844135808.5964,"status":"passed","message":"","name":"/home/luissagnay/Desktop/espe/7_semestre/aseguramiento/tercer_parcial/otro/Sureno/frontend/tests/product-actions.test.ts"}]}