{"numTotalTestSuites":16,"numPassedTestSuites":16,"numFailedTestSuites":0,"numPendingTestSuites":0,"numTotalTests":47,"numPassedTests":47,"numFailedTests":0,"numPendingTests":0,"numTodoTests":0,"snapshot":{"added":0,"failure":false,"filesAdded":0,"filesRemoved":0,"filesRemovedList":[],"filesUnmatched":0,"filesUpdated":0,"matched":0,"total":0,"unchecked":0,"uncheckedKeysByFile":[],"unmatched":0,"updated":0,"didUpdate":false},"startTime":1784857542730,"success":true,"testResults":[{"assertionResults":[{"ancestorTitles":["apiServer"],"fullName":"apiServer forwards cookies and parses a successful JSON response","status":"passed","title":"forwards cookies and parses a successful JSON response","duration":21.494399999999928,"failureMessages":[],"meta":{}},{"ancestorTitles":["apiServer"],"fullName":"apiServer normalizes paths and adds JSON content type for request bodies","status":"passed","title":"normalizes paths and adds JSON content type for request bodies","duration":2.153177000000028,"failureMessages":[],"meta":{}},{"ancestorTitles":["apiServer"],"fullName":"apiServer returns the backend error message on HTTP failures","status":"passed","title":"returns the backend error message on HTTP failures","duration":1.691471999999976,"failureMessages":[],"meta":{}},{"ancestorTitles":["apiServer"],"fullName":"apiServer handles non-JSON responses and network failures","status":"passed","title":"handles non-JSON responses and network failures","duration":3.7057829999999967,"failureMessages":[],"meta":{}},{"ancestorTitles":["apiServer"],"fullName":"apiServer returns only authenticated session users","status":"passed","title":"returns only authenticated session users","duration":2.2972469999999703,"failureMessages":[],"meta":{}}],"startTime":1784857543513,"endTime":1784857543544.2974,"status":"passed","message":"","name":"/home/luissagnay/Desktop/espe/7_semestre/aseguramiento/tercer_parcial/otro/Sureno/frontend/tests/api.test.ts"},{"assertionResults":[{"ancestorTitles":["cart"],"fullName":"cart returns an empty cart when storage is missing or malformed","status":"passed","title":"returns an empty cart when storage is missing or malformed","duration":4.335372000000007,"failureMessages":[],"meta":{}},{"ancestorTitles":["cart"],"fullName":"cart saves a cart and notifies the UI","status":"passed","title":"saves a cart and notifies the UI","duration":3.794537999999875,"failureMessages":[],"meta":{}},{"ancestorTitles":["cart"],"fullName":"cart adds a new product with the requested quantity","status":"passed","title":"adds a new product with the requested quantity","duration":1.0469480000001568,"failureMessages":[],"meta":{}},{"ancestorTitles":["cart"],"fullName":"cart increments the quantity of an existing product","status":"passed","title":"increments the quantity of an existing product","duration":1.1017819999999574,"failureMessages":[],"meta":{}},{"ancestorTitles":["cart"],"fullName":"cart calculates totals and clears persisted items","status":"passed","title":"calculates totals and clears persisted items","duration":1.0699680000000171,"failureMessages":[],"meta":{}}],"startTime":1784857544074,"endTime":1784857544086.07,"status":"passed","message":"","name":"/home/luissagnay/Desktop/espe/7_semestre/aseguramiento/tercer_parcial/otro/Sureno/frontend/tests/cart.test.ts"},{"assertionResults":[{"ancestorTitles":["apiFetch"],"fullName":"apiFetch sends safe methods without requesting a CSRF token","status":"passed","title":"sends safe methods without requesting a CSRF token","duration":26.27952899999991,"failureMessages":[],"meta":{}},{"ancestorTitles":["apiFetch"],"fullName":"apiFetch adds the cookie token to mutating requests","status":"passed","title":"adds the cookie token to mutating requests","duration":8.098874000000023,"failureMessages":[],"meta":{}},{"ancestorTitles":["apiFetch"],"fullName":"apiFetch obtains a token before a mutating request when the cookie is absent","status":"passed","title":"obtains a token before a mutating request when the cookie is absent","duration":3.9441679999999906,"failureMessages":[],"meta":{}},{"ancestorTitles":["apiFetch"],"fullName":"apiFetch does not set a JSON content type for FormData","status":"passed","title":"does not set a JSON content type for FormData","duration":2.700364000000036,"failureMessages":[],"meta":{}},{"ancestorTitles":["apiFetch"],"fullName":"apiFetch preserves caller headers and credentials","status":"passed","title":"preserves caller headers and credentials","duration":1.506371000000172,"failureMessages":[],"meta":{}}],"startTime":1784857544144,"endTime":1784857544186.5063,"status":"passed","message":"","name":"/home/luissagnay/Desktop/espe/7_semestre/aseguramiento/tercer_parcial/otro/Sureno/frontend/tests/csrf.test.ts"},{"assertionResults":[{"ancestorTitles":["bindDeleteDialog"],"fullName":"bindDeleteDialog does nothing when the dialog is not present","status":"passed","title":"does nothing when the dialog is not present","duration":12.40619300000003,"failureMessages":[],"meta":{}},{"ancestorTitles":["bindDeleteDialog"],"fullName":"bindDeleteDialog opens the dialog with the product name of the clicked row","status":"passed","title":"opens the dialog with the product name of the clicked row","duration":32.157174999999825,"failureMessages":[],"meta":{}},{"ancestorTitles":["bindDeleteDialog"],"fullName":"bindDeleteDialog falls back to the generic name when the row has no data-del-name","status":"passed","title":"falls back to the generic name when the row has no data-del-name","duration":7.527467999999999,"failureMessages":[],"meta":{}},{"ancestorTitles":["bindDeleteDialog"],"fullName":"bindDeleteDialog closes the dialog on cancel without calling the API","status":"passed","title":"closes the dialog on cancel without calling the API","duration":6.045648000000028,"failureMessages":[],"meta":{}},{"ancestorTitles":["bindDeleteDialog"],"fullName":"bindDeleteDialog ignores the confirmation when no row was selected","status":"passed","title":"ignores the confirmation when no row was selected","duration":6.570739000000003,"failureMessages":[],"meta":{}},{"ancestorTitles":["bindDeleteDialog"],"fullName":"bindDeleteDialog deletes the row and closes the dialog on a successful response","status":"passed","title":"deletes the row and closes the dialog on a successful response","duration":10.12124800000015,"failureMessages":[],"meta":{}},{"ancestorTitles":["bindDeleteDialog"],"fullName":"bindDeleteDialog alerts the API error and keeps the row when the deletion fails","status":"passed","title":"alerts the API error and keeps the row when the deletion fails","duration":7.158774999999878,"failureMessages":[],"meta":{}},{"ancestorTitles":["bindDeleteDialog"],"fullName":"bindDeleteDialog alerts the default message when the failed response has no JSON body","status":"passed","title":"alerts the default message when the failed response has no JSON body","duration":4.737761000000091,"failureMessages":[],"meta":{}}],"startTime":1784857544145,"endTime":1784857544231.7378,"status":"passed","message":"","name":"/home/luissagnay/Desktop/espe/7_semestre/aseguramiento/tercer_parcial/otro/Sureno/frontend/tests/delete-dialog.test.ts"},{"assertionResults":[{"ancestorTitles":["bindJsonForm"],"fullName":"bindJsonForm does nothing when the form is not present","status":"passed","title":"does nothing when the form is not present","duration":32.83072599999991,"failureMessages":[],"meta":{}},{"ancestorTitles":["bindJsonForm"],"fullName":"bindJsonForm serializes the form as JSON and redirects to the server-provided URL","status":"passed","title":"serializes the form as JSON and redirects to the server-provided URL","duration":18.427073999999948,"failureMessages":[],"meta":{}},{"ancestorTitles":["bindJsonForm"],"fullName":"bindJsonForm falls back to the default redirect when the response has no redirect","status":"passed","title":"falls back to the default redirect when the response has no redirect","duration":6.371928000000025,"failureMessages":[],"meta":{}},{"ancestorTitles":["bindJsonForm"],"fullName":"bindJsonForm shows the API error message and re-enables the button","status":"passed","title":"shows the API error message and re-enables the button","duration":5.792060999999876,"failureMessages":[],"meta":{}},{"ancestorTitles":["bindJsonForm"],"fullName":"bindJsonForm shows the default message when the failed response has no JSON body","status":"passed","title":"shows the default message when the failed response has no JSON body","duration":5.941209000000072,"failureMessages":[],"meta":{}},{"ancestorTitles":["bindJsonForm"],"fullName":"bindJsonForm reports a connection error when the request itself rejects","status":"passed","title":"reports a connection error when the request itself rejects","duration":5.383277000000135,"failureMessages":[],"meta":{}},{"ancestorTitles":["bindJsonForm"],"fullName":"bindJsonForm works when neither the error box nor the submit button exist","status":"passed","title":"works when neither the error box nor the submit button exist","duration":5.648142000000007,"failureMessages":[],"meta":{}}],"startTime":1784857544067,"endTime":1784857544147.6482,"status":"passed","message":"","name":"/home/luissagnay/Desktop/espe/7_semestre/aseguramiento/tercer_parcial/otro/Sureno/frontend/tests/json-form.test.ts"},{"assertionResults":[{"ancestorTitles":["Astro middleware"],"fullName":"Astro middleware proxies API requests to Flask preserving method, query and body","status":"passed","title":"proxies API requests to Flask preserving method, query and body","duration":15.498728999999912,"failureMessages":[],"meta":{}},{"ancestorTitles":["Astro middleware"],"fullName":"Astro middleware proxies Flask static assets without a request body","status":"passed","title":"proxies Flask static assets without a request body","duration":2.3820599999999104,"failureMessages":[],"meta":{}},{"ancestorTitles":["Astro middleware"],"fullName":"Astro middleware redirects anonymous users from protected customer routes","status":"passed","title":"redirects anonymous users from protected customer routes","duration":2.6818969999999354,"failureMessages":[],"meta":{}},{"ancestorTitles":["Astro middleware"],"fullName":"Astro middleware allows authenticated users into protected customer routes","status":"passed","title":"allows authenticated users into protected customer routes","duration":1.2513340000000426,"failureMessages":[],"meta":{}},{"ancestorTitles":["Astro middleware"],"fullName":"Astro middleware redirects non-admin users away from admin routes","status":"passed","title":"redirects non-admin users away from admin routes","duration":0.9202880000000278,"failureMessages":[],"meta":{}},{"ancestorTitles":["Astro middleware"],"fullName":"Astro middleware allows administrators into admin routes","status":"passed","title":"allows administrators into admin routes","duration":0.81293299999993,"failureMessages":[],"meta":{}},{"ancestorTitles":["Astro middleware"],"fullName":"Astro middleware passes public routes through without querying the session","status":"passed","title":"passes public routes through without querying the session","duration":0.8188910000001215,"failureMessages":[],"meta":{}}],"startTime":1784857544561,"endTime":1784857544585.8188,"status":"passed","message":"","name":"/home/luissagnay/Desktop/espe/7_semestre/aseguramiento/tercer_parcial/otro/Sureno/frontend/tests/middleware.test.ts"},{"assertionResults":[{"ancestorTitles":["Astro SSR pages"],"fullName":"Astro SSR pages renders the home page and its primary catalog action","status":"passed","title":"renders the home page and its primary catalog action","duration":32.45616399999972,"failureMessages":[],"meta":{}},{"ancestorTitles":["Astro SSR pages"],"fullName":"Astro SSR pages renders the login form with accessible fields","status":"passed","title":"renders the login form with accessible fields","duration":5.468478000000232,"failureMessages":[],"meta":{}},{"ancestorTitles":["Astro SSR pages"],"fullName":"Astro SSR pages renders products returned by the mocked backend","status":"passed","title":"renders products returned by the mocked backend","duration":6.137067999999999,"failureMessages":[],"meta":{}},{"ancestorTitles":["Astro SSR pages"],"fullName":"Astro SSR pages renders the catalog error state without a live backend","status":"passed","title":"renders the catalog error state without a live backend","duration":4.4420860000000175,"failureMessages":[],"meta":{}},{"ancestorTitles":["Astro SSR pages"],"fullName":"Astro SSR pages renders admin totals and order states from mocked responses","status":"passed","title":"renders admin totals and order states from mocked responses","duration":5.683929999999691,"failureMessages":[],"meta":{}}],"startTime":1784857545747,"endTime":1784857545801.6838,"status":"passed","message":"","name":"/home/luissagnay/Desktop/espe/7_semestre/aseguramiento/tercer_parcial/otro/Sureno/frontend/tests/pages.test.ts"},{"assertionResults":[{"ancestorTitles":["bindAddToCartButtons"],"fullName":"bindAddToCartButtons adds the product read from the dataset to the cart","status":"passed","title":"adds the product read from the dataset to the cart","duration":39.81118599999991,"failureMessages":[],"meta":{}},{"ancestorTitles":["bindAddToCartButtons"],"fullName":"bindAddToCartButtons leaves mililitros undefined when the button does not declare it","status":"passed","title":"leaves mililitros undefined when the button does not declare it","duration":7.396926000000121,"failureMessages":[],"meta":{}},{"ancestorTitles":["bindAddToCartButtons"],"fullName":"bindAddToCartButtons shows the toast and hides it after the timeout","status":"passed","title":"shows the toast and hides it after the timeout","duration":7.177579000000151,"failureMessages":[],"meta":{}},{"ancestorTitles":["bindAddToCartButtons"],"fullName":"bindAddToCartButtons still adds to the cart when there is no toast element","status":"passed","title":"still adds to the cart when there is no toast element","duration":5.790352999999868,"failureMessages":[],"meta":{}},{"ancestorTitles":["bindAddToCartButtons"],"fullName":"bindAddToCartButtons accumulates the quantity when the same product is added twice","status":"passed","title":"accumulates the quantity when the same product is added twice","duration":5.126451999999972,"failureMessages":[],"meta":{}}],"startTime":1784857544116,"endTime":1784857544181.1265,"status":"passed","message":"","name":"/home/luissagnay/Desktop/espe/7_semestre/aseguramiento/tercer_parcial/otro/Sureno/frontend/tests/product-actions.test.ts"}]}