<?xml version="1.0" encoding="utf-8"?><testsuites name="pytest tests"><testsuite name="pytest" errors="0" failures="0" skipped="0" tests="164" time="56.942" timestamp="2026-07-23T18:15:06.334971-05:00" hostname="fedora"><testcase classname="Tests.unitarias.test_db_indexes" name="test_ensure_indexes_crea_indice_unico_de_email" time="0.003" /><testcase classname="Tests.unitarias.test_db_indexes" name="test_indice_email_impide_usuarios_duplicados" time="0.002" /><testcase classname="Tests.unitarias.test_models" name="test_cp18_user_create_hashea_password" time="1.092" /><testcase classname="Tests.unitarias.test_models" name="test_user_get_by_email" time="0.541" /><testcase classname="Tests.unitarias.test_models" name="test_user_get_by_id_y_get_all" time="1.049" /><testcase classname="Tests.unitarias.test_models" name="test_user_update_rehashea_password" time="1.438" /><testcase classname="Tests.unitarias.test_models" name="test_user_delete" time="0.475" /><testcase classname="Tests.unitarias.test_models" name="test_product_create_asigna_imagen_por_defecto" time="0.002" /><testcase classname="Tests.unitarias.test_models" name="test_product_get_by_id_incluye_tipo_categoria" time="0.001" /><testcase classname="Tests.unitarias.test_models" name="test_product_update_y_delete" time="0.002" /><testcase classname="Tests.unitarias.test_models" name="test_product_update_image_vacia_no_modifica" time="0.001" /><testcase classname="Tests.unitarias.test_models" name="test_order_create_estado_pendiente_y_fecha" time="0.001" /><testcase classname="Tests.unitarias.test_models" name="test_order_get_all_enriquece_datos_cliente" time="0.001" /><testcase classname="Tests.unitarias.test_models" name="test_order_update_status" time="0.001" /><testcase classname="Tests.unitarias.test_models" name="test_order_delete_respeta_propietario" time="0.001" /><testcase classname="Tests.unitarias.test_models" name="test_address_create_y_get_by_id" time="0.001" /><testcase classname="Tests.unitarias.test_models" name="test_address_create_falta_campo_lanza_valueerror" time="0.001" /><testcase classname="Tests.unitarias.test_models_extra" name="test_order_get_all_usuario_no_encontrado" time="0.001" /><testcase classname="Tests.unitarias.test_models_extra" name="test_order_get_by_id_enriquece_datos_cliente" time="0.002" /><testcase classname="Tests.unitarias.test_models_extra" name="test_order_get_by_id_usuario_no_encontrado" time="0.002" /><testcase classname="Tests.unitarias.test_models_extra" name="test_order_get_by_id_inexistente" time="0.002" /><testcase classname="Tests.unitarias.test_models_extra" name="test_address_get_by_id_objectid_directo" time="0.002" /><testcase classname="Tests.unitarias.test_models_extra" name="test_address_get_by_id_id_invalido_retorna_none" time="0.001" /><testcase classname="Tests.unitarias.test_models_extra" name="test_address_get_all" time="0.001" /><testcase classname="Tests.unitarias.test_models_extra" name="test_address_update" time="0.001" /><testcase classname="Tests.unitarias.test_models_extra" name="test_address_delete" time="0.001" /><testcase classname="Tests.unitarias.test_models_extra" name="test_category_get_all" time="0.001" /><testcase classname="Tests.unitarias.test_models_extra" name="test_category_get_by_id" time="0.001" /><testcase classname="Tests.unitarias.test_models_extra" name="test_category_create" time="0.001" /><testcase classname="Tests.unitarias.test_models_extra" name="test_product_update_con_categoria_id_la_convierte_a_objectid" time="0.001" /><testcase classname="Tests.unitarias.test_models_extra" name="test_product_update_image_con_ruta_actualiza" time="0.002" /><testcase classname="Tests.unitarias.test_validators" name="test_email_valido" time="0.001" /><testcase classname="Tests.unitarias.test_validators" name="test_email_sin_arroba_es_invalido" time="0.001" /><testcase classname="Tests.unitarias.test_validators" name="test_email_sin_dominio_es_invalido" time="0.001" /><testcase classname="Tests.unitarias.test_validators" name="test_email_vacio_es_invalido" time="0.001" /><testcase classname="Tests.unitarias.test_validators" name="test_cedula_valida" time="0.001" /><testcase classname="Tests.unitarias.test_validators" name="test_cedula_con_digito_verificador_incorrecto_es_invalida" time="0.001" /><testcase classname="Tests.unitarias.test_validators" name="test_cedula_con_codigo_provincia_fuera_de_rango_es_invalida" time="0.001" /><testcase classname="Tests.unitarias.test_validators" name="test_cedula_no_numerica_es_invalida" time="0.001" /><testcase classname="Tests.unitarias.test_validators" name="test_cedula_con_longitud_incorrecta_es_invalida" time="0.001" /><testcase classname="Tests.unitarias.test_validators" name="test_ruc_persona_natural_valido" time="0.001" /><testcase classname="Tests.unitarias.test_validators" name="test_ruc_persona_natural_con_cedula_invalida_es_invalido" time="0.001" /><testcase classname="Tests.unitarias.test_validators" name="test_ruc_no_numerico_es_invalido" time="0.001" /><testcase classname="Tests.unitarias.test_validators" name="test_ruc_con_longitud_incorrecta_es_invalido" time="0.001" /><testcase classname="Tests.unitarias.test_validators" name="test_identificacion_acepta_cedula_valida" time="0.001" /><testcase classname="Tests.unitarias.test_validators" name="test_identificacion_acepta_ruc_valido" time="0.001" /><testcase classname="Tests.unitarias.test_validators" name="test_identificacion_rechaza_formato_arbitrario" time="0.001" /><testcase classname="Tests.unitarias.test_validators" name="test_identificacion_rechaza_vacio" time="0.001" /><testcase classname="Tests.integracion.test_api" name="test_api_login_exitoso" time="1.023" /><testcase classname="Tests.integracion.test_api" name="test_api_login_password_incorrecta" time="0.955" /><testcase classname="Tests.integracion.test_api" name="test_api_signup_crea_usuario" time="0.466" /><testcase classname="Tests.integracion.test_api" name="test_api_signup_con_ruc_valido_crea_usuario" time="0.545" /><testcase classname="Tests.integracion.test_api" name="test_api_signup_email_duplicado" time="0.608" /><testcase classname="Tests.integracion.test_api" name="test_cp22_api_signup_identificacion_con_formato_invalido" time="0.005" /><testcase classname="Tests.integracion.test_api" name="test_cp21_api_signup_email_con_formato_invalido" time="0.005" /><testcase classname="Tests.integracion.test_api" name="test_api_logout_limpia_sesion" time="0.637" /><testcase classname="Tests.integracion.test_api" name="test_api_products_lista_json" time="0.008" /><testcase classname="Tests.integracion.test_api" name="test_api_product_detail_404" time="0.007" /><testcase classname="Tests.integracion.test_api" name="test_api_categories_lista_json" time="0.006" /><testcase classname="Tests.integracion.test_api" name="test_api_compras_sin_sesion_401" time="0.005" /><testcase classname="Tests.integracion.test_api" name="test_api_compras_autenticado_lista" time="0.574" /><testcase classname="Tests.integracion.test_api" name="test_api_admin_stats_sin_sesion_401" time="0.004" /><testcase classname="Tests.integracion.test_api" name="test_api_admin_stats_cliente_403" time="0.702" /><testcase classname="Tests.integracion.test_api" name="test_api_admin_stats_admin_200" time="0.678" /><testcase classname="Tests.integracion.test_api" name="test_api_cart_sin_sesion_401" time="0.006" /><testcase classname="Tests.integracion.test_api" name="test_api_cart_guarda" time="0.732" /><testcase classname="Tests.integracion.test_api" name="test_api_cart_ignora_precio_y_total_manipulados" time="0.639" /><testcase classname="Tests.integracion.test_api" name="test_api_cart_cantidad_invalida_400" time="0.915" /><testcase classname="Tests.integracion.test_api" name="test_api_cart_producto_no_encontrado_404" time="0.543" /><testcase classname="Tests.integracion.test_api" name="test_api_cart_id_producto_invalido_404" time="0.689" /><testcase classname="Tests.integracion.test_api" name="test_api_address_sin_sesion_401" time="0.005" /><testcase classname="Tests.integracion.test_api" name="test_api_address_crea" time="0.458" /><testcase classname="Tests.integracion.test_api" name="test_api_csrf_devuelve_token" time="0.003" /><testcase classname="Tests.integracion.test_api" name="test_api_user_incluye_rol" time="0.495" /><testcase classname="Tests.integracion.test_api" name="test_api_admin_delete_order_no_admin_401" time="0.003" /><testcase classname="Tests.integracion.test_api" name="test_api_admin_delete_order_admin" time="0.439" /><testcase classname="Tests.integracion.test_api" name="test_api_users_requiere_admin" time="0.487" /><testcase classname="Tests.integracion.test_api" name="test_api_users_admin_sin_password" time="0.625" /><testcase classname="Tests.integracion.test_api" name="test_api_orders_lista_requiere_admin" time="0.529" /><testcase classname="Tests.integracion.test_api" name="test_api_order_status_requiere_admin_y_valida_estado" time="0.594" /><testcase classname="Tests.integracion.test_api" name="test_api_products_mutacion_requiere_admin" time="0.529" /><testcase classname="Tests.integracion.test_api" name="test_api_addresses_lista_requiere_admin" time="0.557" /><testcase classname="Tests.integracion.test_api" name="test_api_address_detalle_bloquea_idor" time="0.656" /><testcase classname="Tests.integracion.test_api_extra" name="test_api_user_usuario_no_encontrado" time="0.010" /><testcase classname="Tests.integracion.test_api_extra" name="test_api_login_faltan_datos" time="0.006" /><testcase classname="Tests.integracion.test_api_extra" name="test_api_login_usuario_no_encontrado" time="0.008" /><testcase classname="Tests.integracion.test_api_extra" name="test_api_login_rol_no_encontrado" time="1.449" /><testcase classname="Tests.integracion.test_api_extra" name="test_api_login_rol_no_reconocido" time="1.229" /><testcase classname="Tests.integracion.test_api_extra" name="test_api_login_excepcion_500" time="0.005" /><testcase classname="Tests.integracion.test_api_extra" name="test_api_signup_faltan_campos" time="0.003" /><testcase classname="Tests.integracion.test_api_extra" name="test_api_signup_sin_rol_cliente_configurado" time="0.004" /><testcase classname="Tests.integracion.test_api_extra" name="test_api_signup_excepcion_500" time="0.004" /><testcase classname="Tests.integracion.test_api_extra" name="test_api_get_cart_no_encontrado" time="0.004" /><testcase classname="Tests.integracion.test_api_extra" name="test_api_get_cart_encontrado" time="0.004" /><testcase classname="Tests.integracion.test_api_extra" name="test_api_get_cart_id_invalido_500" time="0.005" /><testcase classname="Tests.integracion.test_api_extra" name="test_api_cart_datos_no_recibidos" time="0.456" /><testcase classname="Tests.integracion.test_api_extra" name="test_api_compras_con_pedido_completo" time="0.479" /><testcase classname="Tests.integracion.test_api_extra" name="test_api_compras_excepcion_500" time="0.432" /><testcase classname="Tests.integracion.test_api_extra" name="test_api_admin_delete_order_id_invalido" time="0.427" /><testcase classname="Tests.integracion.test_api_extra" name="test_api_admin_delete_order_no_encontrado" time="0.436" /><testcase classname="Tests.integracion.test_api_extra" name="test_address_create_falta_campo_400" time="0.444" /><testcase classname="Tests.integracion.test_api_extra" name="test_address_create_excepcion_500" time="0.443" /><testcase classname="Tests.integracion.test_api_extra" name="test_address_get_addresses_admin_200" time="0.538" /><testcase classname="Tests.integracion.test_api_extra" name="test_address_get_address_id_invalido_400" time="0.519" /><testcase classname="Tests.integracion.test_api_extra" name="test_address_get_address_no_encontrada_404" time="0.440" /><testcase classname="Tests.integracion.test_api_extra" name="test_address_get_address_propietario_200" time="0.447" /><testcase classname="Tests.integracion.test_api_extra" name="test_address_get_address_admin_puede_ver_de_otro" time="0.471" /><testcase classname="Tests.integracion.test_api_extra" name="test_address_update_id_invalido_400" time="0.484" /><testcase classname="Tests.integracion.test_api_extra" name="test_address_update_no_encontrada_404" time="0.489" /><testcase classname="Tests.integracion.test_api_extra" name="test_address_update_no_autorizado_403" time="0.448" /><testcase classname="Tests.integracion.test_api_extra" name="test_address_update_propietario_200" time="0.460" /><testcase classname="Tests.integracion.test_api_extra" name="test_address_update_sin_cambios_404" time="0.456" /><testcase classname="Tests.integracion.test_api_extra" name="test_address_delete_id_invalido_400" time="0.432" /><testcase classname="Tests.integracion.test_api_extra" name="test_address_delete_propietario_200" time="0.447" /><testcase classname="Tests.integracion.test_api_extra" name="test_address_delete_no_autorizado_404" time="0.448" /><testcase classname="Tests.integracion.test_api_extra" name="test_address_delete_admin_puede_borrar_de_otro" time="0.490" /><testcase classname="Tests.integracion.test_api_extra" name="test_order_create_sin_sesion_401" time="0.004" /><testcase classname="Tests.integracion.test_api_extra" name="test_order_create_datos_invalidos_400" time="0.461" /><testcase classname="Tests.integracion.test_api_extra" name="test_order_create_falta_campo_400" time="0.482" /><testcase classname="Tests.integracion.test_api_extra" name="test_order_create_carrito_no_encontrado_404" time="0.485" /><testcase classname="Tests.integracion.test_api_extra" name="test_order_create_exitoso_201" time="0.440" /><testcase classname="Tests.integracion.test_api_extra" name="test_cp23_order_create_carrito_vacio_400" time="0.444" /><testcase classname="Tests.integracion.test_api_extra" name="test_order_create_excepcion_500" time="0.494" /><testcase classname="Tests.integracion.test_api_extra" name="test_order_get_all_orders_admin_200" time="0.441" /><testcase classname="Tests.integracion.test_api_extra" name="test_order_get_all_orders_excepcion_500" time="0.565" /><testcase classname="Tests.integracion.test_api_extra" name="test_order_update_status_excepcion_500" time="0.663" /><testcase classname="Tests.integracion.test_api_extra" name="test_order_delete_excepcion_500" time="0.702" /><testcase classname="Tests.integracion.test_api_extra" name="test_cancelar_pedido_excepcion_500" time="0.518" /><testcase classname="Tests.integracion.test_api_extra" name="test_order_update_status_estado_no_proporcionado_400" time="0.490" /><testcase classname="Tests.integracion.test_api_extra" name="test_order_update_status_no_encontrado_404" time="0.420" /><testcase classname="Tests.integracion.test_api_extra" name="test_order_delete_sin_sesion_401" time="0.004" /><testcase classname="Tests.integracion.test_api_extra" name="test_order_delete_id_invalido_400" time="0.402" /><testcase classname="Tests.integracion.test_api_extra" name="test_order_delete_no_encontrado_404" time="0.458" /><testcase classname="Tests.integracion.test_api_extra" name="test_order_delete_propietario_200" time="0.400" /><testcase classname="Tests.integracion.test_api_extra" name="test_cancelar_pedido_sin_sesion_401" time="0.003" /><testcase classname="Tests.integracion.test_api_extra" name="test_cancelar_pedido_no_encontrado_404" time="0.420" /><testcase classname="Tests.integracion.test_api_extra" name="test_cancelar_pedido_propietario_200" time="0.501" /><testcase classname="Tests.integracion.test_api_extra" name="test_upload_image_sin_archivo_400" time="0.445" /><testcase classname="Tests.integracion.test_api_extra" name="test_upload_image_formato_no_permitido_400" time="0.432" /><testcase classname="Tests.integracion.test_api_extra" name="test_upload_image_producto_no_encontrado_404" time="0.420" /><testcase classname="Tests.integracion.test_api_extra" name="test_upload_image_exitoso_200" time="0.414" /><testcase classname="Tests.integracion.test_api_extra" name="test_product_detail_200" time="0.004" /><testcase classname="Tests.integracion.test_api_extra" name="test_create_product_201" time="0.404" /><testcase classname="Tests.integracion.test_api_extra" name="test_create_product_con_imagen_201" time="0.426" /><testcase classname="Tests.integracion.test_api_extra" name="test_create_product_error_al_crear_400" time="0.505" /><testcase classname="Tests.integracion.test_api_extra" name="test_update_product_200" time="0.530" /><testcase classname="Tests.integracion.test_api_extra" name="test_update_product_con_imagen_200" time="0.491" /><testcase classname="Tests.integracion.test_api_extra" name="test_update_product_no_encontrado_404" time="0.469" /><testcase classname="Tests.integracion.test_api_extra" name="test_update_product_excepcion_500" time="0.451" /><testcase classname="Tests.integracion.test_api_extra" name="test_delete_product_200" time="0.471" /><testcase classname="Tests.integracion.test_api_extra" name="test_delete_product_no_encontrado_404" time="0.500" /><testcase classname="Tests.integracion.test_api_extra" name="test_get_user_200" time="0.567" /><testcase classname="Tests.integracion.test_api_extra" name="test_get_user_no_encontrado_404" time="0.533" /><testcase classname="Tests.integracion.test_api_extra" name="test_create_user_201" time="1.175" /><testcase classname="Tests.integracion.test_api_extra" name="test_update_user_200_no_permite_cambiar_rol_ni_password" time="0.699" /><testcase classname="Tests.integracion.test_api_extra" name="test_update_user_no_encontrado_404" time="0.716" /><testcase classname="Tests.integracion.test_api_extra" name="test_delete_user_200" time="1.452" /><testcase classname="Tests.integracion.test_api_extra" name="test_delete_user_no_encontrado_404" time="0.581" /><testcase classname="Tests.integracion.test_casos_sqap" name="test_cp06_login_admin_redirige_al_panel" time="1.218" /><testcase classname="Tests.integracion.test_casos_sqap" name="test_cp13_carrito_rechaza_cantidad_negativa" time="0.547" /><testcase classname="Tests.integracion.test_casos_sqap" name="test_cp20_api_user_sin_sesion_401" time="0.003" /><testcase classname="Tests.integracion.test_login_performance_security" name="test_login_rol_conocido_no_consulta_coleccion_roles" time="0.938" /><testcase classname="Tests.integracion.test_login_performance_security" name="test_rate_limit_bloquea_intentos_repetidos_por_identidad" time="0.011" /><testcase classname="Tests.integracion.test_login_performance_security" name="test_rate_limit_bloquea_multiples_identidades_desde_una_ip" time="0.015" /></testsuite></testsuites>